Transaction Digest: VhSgLSe5QA2jxjChkQW5Ui8aAATMHr4Fiuhk6LbpEeT
╭──────────────────────────────────────────────────────────────────────────────────────────────────────────────╮
│ Transaction Data                                                                                             │
├──────────────────────────────────────────────────────────────────────────────────────────────────────────────┤
│ Sender: 0xe7fde4b6a2bf6fd10449982af53897802915e7072450567210bed93c35c62815                                   │
│ Gas Owner: 0xe7fde4b6a2bf6fd10449982af53897802915e7072450567210bed93c35c62815                                │
│ Gas Budget: 16052400 MIST                                                                                    │
│ Gas Price: 1000 MIST                                                                                         │
│ Gas Payment:                                                                                                 │
│  ┌──                                                                                                         │
│  │ ID: 0xd5409522559f0b1f2974a5810a9d898f1aa209416bbe45c8d31e6ee52f3a39f9                                    │
│  │ Version: 83797538                                                                                         │
│  │ Digest: 2upem9moHHzdGE7KNDwTC2RXoJPEsdiTrJ7EPrrTbq4R                                                      │
│  └──                                                                                                         │
│                                                                                                              │
│ Transaction Kind: Programmable                                                                               │
│ ╭──────────────────────────────────────────────────────────────────────────────────────────────────────────╮ │
│ │ Input Objects                                                                                            │ │
│ ├──────────────────────────────────────────────────────────────────────────────────────────────────────────┤ │
│ │ 0   Pure Arg: Type: address, Value: "0xe7fde4b6a2bf6fd10449982af53897802915e7072450567210bed93c35c62815" │ │
│ ╰──────────────────────────────────────────────────────────────────────────────────────────────────────────╯ │
│ ╭─────────────────────────────────────────────────────────────────────────╮                                  │
│ │ Commands                                                                │                                  │
│ ├─────────────────────────────────────────────────────────────────────────┤                                  │
│ │ 0  Publish:                                                             │                                  │
│ │  ┌                                                                      │                                  │
│ │  │ Dependencies:                                                        │                                  │
│ │  │   0x0000000000000000000000000000000000000000000000000000000000000001 │                                  │
│ │  │   0x0000000000000000000000000000000000000000000000000000000000000002 │                                  │
│ │  └                                                                      │                                  │
│ │                                                                         │                                  │
│ │ 1  TransferObjects:                                                     │                                  │
│ │  ┌                                                                      │                                  │
│ │  │ Arguments:                                                           │                                  │
│ │  │   Result 0                                                           │                                  │
│ │  │ Address: Input  0                                                    │                                  │
│ │  └                                                                      │                                  │
│ ╰─────────────────────────────────────────────────────────────────────────╯                                  │
│                                                                                                              │
│ Signatures:                                                                                                  │
│    2e0sCtwsjI9eEZVdANZTQlX3p/kLXLcdwcqy1Vo0ksLUe0AT3cqZbyqzRfOaONMKG20hJCHd17+c6kfu4rgTAg==                  │
│                                                                                                              │
╰──────────────────────────────────────────────────────────────────────────────────────────────────────────────╯
╭───────────────────────────────────────────────────────────────────────────────────────────────────╮
│ Transaction Effects                                                                               │
├───────────────────────────────────────────────────────────────────────────────────────────────────┤
│ Digest: VhSgLSe5QA2jxjChkQW5Ui8aAATMHr4Fiuhk6LbpEeT                                               │
│ Status: Success                                                                                   │
│ Executed Epoch: 491                                                                               │
│                                                                                                   │
│ Created Objects:                                                                                  │
│  ┌──                                                                                              │
│  │ ID: 0x75b895a196f2eeedf9f07e8619621e845c55811eca0e1522a4d39f76c5577cac                         │
│  │ Owner: Account Address ( 0xe7fde4b6a2bf6fd10449982af53897802915e7072450567210bed93c35c62815 )  │
│  │ Version: 83797539                                                                              │
│  │ Digest: 34ysEpaGftj8X1ivECnddxJ8qwQ11ziBFKmSTGMHk2qv                                           │
│  └──                                                                                              │
│  ┌──                                                                                              │
│  │ ID: 0xbd2e3a043fb2ade12944adf7d3d32b0f895bceecff75d165549931b8b14a9520                         │
│  │ Owner: Account Address ( 0xe7fde4b6a2bf6fd10449982af53897802915e7072450567210bed93c35c62815 )  │
│  │ Version: 83797539                                                                              │
│  │ Digest: H3YTxywbFxpmyEW9Ua6mWTbANh9L5hp3Y2AtKDuVvvGr                                           │
│  └──                                                                                              │
│  ┌──                                                                                              │
│  │ ID: 0xdf970db97dff7c68d1cf581b3e96ed19ab91619602fcc57556339ea37ff51194                         │
│  │ Owner: Immutable                                                                               │
│  │ Version: 1                                                                                     │
│  │ Digest: Dc2gUnZycqumsf2gqXafd8C1mkW58JJ9LXhW3qHvcapk                                           │
│  └──                                                                                              │
│ Mutated Objects:                                                                                  │
│  ┌──                                                                                              │
│  │ ID: 0xd5409522559f0b1f2974a5810a9d898f1aa209416bbe45c8d31e6ee52f3a39f9                         │
│  │ Owner: Account Address ( 0xe7fde4b6a2bf6fd10449982af53897802915e7072450567210bed93c35c62815 )  │
│  │ Version: 83797539                                                                              │
│  │ Digest: 5LoU5oujC75GctoTeBzd4Zi9E6GYiNBH2th8b73vkX8T                                           │
│  └──                                                                                              │
│ Gas Object:                                                                                       │
│  ┌──                                                                                              │
│  │ ID: 0xd5409522559f0b1f2974a5810a9d898f1aa209416bbe45c8d31e6ee52f3a39f9                         │
│  │ Owner: Account Address ( 0xe7fde4b6a2bf6fd10449982af53897802915e7072450567210bed93c35c62815 )  │
│  │ Version: 83797539                                                                              │
│  │ Digest: 5LoU5oujC75GctoTeBzd4Zi9E6GYiNBH2th8b73vkX8T                                           │
│  └──                                                                                              │
│ Gas Cost Summary:                                                                                 │
│    Storage Cost: 14052400 MIST                                                                    │
│    Computation Cost: 1000000 MIST                                                                 │
│    Storage Rebate: 978120 MIST                                                                    │
│    Non-refundable Storage Fee: 9880 MIST                                                          │
│                                                                                                   │
│ Transaction Dependencies:                                                                         │
│    5N35gL6fnuYX5SKy9LnKbLnMd5LCpjYwX85sKQdKPM99                                                   │
│    GMHSeA2tCJZq8N6DicyXV1umBZXN4kLNU2NR43pucpJ4                                                   │
╰───────────────────────────────────────────────────────────────────────────────────────────────────╯
╭─────────────────────────────╮
│ No transaction block events │
╰─────────────────────────────╯

╭─────────────────────────────────────────────────────────────────────────────────────────────────────╮
│ Object Changes                                                                                      │
├─────────────────────────────────────────────────────────────────────────────────────────────────────┤
│ Created Objects:                                                                                    │
│  ┌──                                                                                                │
│  │ ObjectID: 0x75b895a196f2eeedf9f07e8619621e845c55811eca0e1522a4d39f76c5577cac                     │
│  │ Sender: 0xe7fde4b6a2bf6fd10449982af53897802915e7072450567210bed93c35c62815                       │
│  │ Owner: Account Address ( 0xe7fde4b6a2bf6fd10449982af53897802915e7072450567210bed93c35c62815 )    │
│  │ ObjectType: 0xdf970db97dff7c68d1cf581b3e96ed19ab91619602fcc57556339ea37ff51194::sigtest::PubKey  │
│  │ Version: 83797539                                                                                │
│  │ Digest: 34ysEpaGftj8X1ivECnddxJ8qwQ11ziBFKmSTGMHk2qv                                             │
│  └──                                                                                                │
│  ┌──                                                                                                │
│  │ ObjectID: 0xbd2e3a043fb2ade12944adf7d3d32b0f895bceecff75d165549931b8b14a9520                     │
│  │ Sender: 0xe7fde4b6a2bf6fd10449982af53897802915e7072450567210bed93c35c62815                       │
│  │ Owner: Account Address ( 0xe7fde4b6a2bf6fd10449982af53897802915e7072450567210bed93c35c62815 )    │
│  │ ObjectType: 0x2::package::UpgradeCap                                                             │
│  │ Version: 83797539                                                                                │
│  │ Digest: H3YTxywbFxpmyEW9Ua6mWTbANh9L5hp3Y2AtKDuVvvGr                                             │
│  └──                                                                                                │
│ Mutated Objects:                                                                                    │
│  ┌──                                                                                                │
│  │ ObjectID: 0xd5409522559f0b1f2974a5810a9d898f1aa209416bbe45c8d31e6ee52f3a39f9                     │
│  │ Sender: 0xe7fde4b6a2bf6fd10449982af53897802915e7072450567210bed93c35c62815                       │
│  │ Owner: Account Address ( 0xe7fde4b6a2bf6fd10449982af53897802915e7072450567210bed93c35c62815 )    │
│  │ ObjectType: 0x2::coin::Coin<0x2::sui::SUI>                                                       │
│  │ Version: 83797539                                                                                │
│  │ Digest: 5LoU5oujC75GctoTeBzd4Zi9E6GYiNBH2th8b73vkX8T                                             │
│  └──                                                                                                │
│ Published Objects:                                                                                  │
│  ┌──                                                                                                │
│  │ PackageID: 0xdf970db97dff7c68d1cf581b3e96ed19ab91619602fcc57556339ea37ff51194                    │
│  │ Version: 1                                                                                       │
│  │ Digest: Dc2gUnZycqumsf2gqXafd8C1mkW58JJ9LXhW3qHvcapk                                             │
│  │ Modules: sigtest                                                                                 │
│  └──                                                                                                │
╰─────────────────────────────────────────────────────────────────────────────────────────────────────╯
╭───────────────────────────────────────────────────────────────────────────────────────────────────╮
│ Balance Changes                                                                                   │
├───────────────────────────────────────────────────────────────────────────────────────────────────┤
│  ┌──                                                                                              │
│  │ Owner: Account Address ( 0xe7fde4b6a2bf6fd10449982af53897802915e7072450567210bed93c35c62815 )  │
│  │ CoinType: 0x2::sui::SUI                                                                        │
│  │ Amount: -14074280                                                                              │
│  └──                                                                                              │
╰───────────────────────────────────────────────────────────────────────────────────────────────────╯
